0
00
0000
01
011
03
04
040
05
06
060
061
1
10
100
102
103
1039
104
1043
105
106
107
1070
108
108750
109
11
110
1100
111
112
1131
114
11400
115
116
1170
12
120
122
123
124
125
12550
126
127
128
129
13
130
131
132
134
1340
135
136
137
138
139
14
140
141
143
144
145
1456
146
147
148
1484
149
1491
1492
1493
1494
1497
1498
15
150
1500
1503
1504
1506
1509
1510
1514
1516
1517
1518
1519
152
1520
1522
1523
1524
1525
1526
1527
1528
1529
153
1530
1531
1532
1533
1534
1535
1536
1537
1538
1539
154
1540
1541
1542
1543
1544
1545
1546
1547
1548
1549
1550
1551
1553
1554
1555
1556
1557
1558
1559
156
1560
1561
1562
1563
1565
1566
1567
1568
157
1570
1572
1573
1574
1576
1577
1578
1579
158
1580
1581
1582
1583
1584
1585
1586
1587
1588
1589
1590
1591
1592
1593
1594
1595
1596
1597
1598
1599
16
160
1600
1601
1602
1603
1604
1605
1606
1607
1608
1609
161
1610
1611
1612
1613
1615
1616
1617
1618
1619
162
1620
1621
1622
1623
1624
1625
1626
1627
1628
1629
163
1630
1631
1632
1633
1634
1635
1636
1637
1638
1639
164
1640
1641
1642
1643
1644
1645
1646
1647
1648
1649
165
1650
1652
1653
1654
1655
1656
1657
1658
1659
166
1660
1661
1662
1663
1664
1665
1666
1667
1668
1669
167
1670
1671
1672
1674
1675
1676
1677
1678
1679
168
1680
1681
1682
1683
1684
1685
1686
1687
1688
1689
169
1690
1691
1692
1693
1694
1695
1696
1697
1698
1699
17
170
1700
1701
1702
1703
1704
1705
1706
1707
1707611
1708
1709
171
1710
1711
1712
17127
1713
1714
1715
1717
1718
172
1720
1721
1722
1723
1724
1725
1726
1727
1728
1729
173
1730
1731
1733
1734
1735
1736
1737
1738
1739
174
1740
1741
1742
1743
1744
1745
1746
1747
1748
1749
175
1750
1751
1752
1753
1754
1755
1756
1757
1758
1759
176
1760
1761
1762
1763
1764
1765
1766
1767
1768
1769
177
1770
1771
1772
1773
1774
1775
1776
1777
1778
1779
178
1780
1782
1783
1784
1785
1786
1787
179
18
180
181
183
184
1860675
187
188
1885
19
190
191
192
194
1940
1948
195
1950
196
198
2
20
200
2013
203
204
205
208
209
21
210
212
214
215
217
2174
218
22
220
2262750
23
230
232
233
234
235
236
24
240
244
248
25
250
2503
252
2531
254
256
26
260
264
265
267
268
269
27
270
271
272
273
274
27410
27414
2744
2750
276
277
279
28
280
284
286
288
289
29
290
291
292
2952
296
298
299
3
30
300
3009
301
3016
302
303
304
30430
305
306
307
308
309
31
310
311
312
313
315
316
318
319
32
320
3200
324
326
328
33
333
338
34
340
343
346
35
350
3504
356
358
36
360
363
364
366
368
37
376
38
380
382
385
387
39
398
4
40
400
402
406
408
41
412
416
418
42
420
424
426
428
43
430
432
436
44
440
446
447
448
45
450
4500
456
46
460
462
464
466
468
47
470
472
4725
476
478
48
480
482
484
486
488
49
490
498
5
50
500
502
504
505
506
508
51
52
520
524
525
53
531
532
534
535
537
538
539
54
540
541
542
545
548
55
554
556
558
56
561
562
563
564
569
57
570
572
574
576
578
58
580
582
583
585
586
59
590
592
5933
594
6
60
600
604
606
607
61
616
617
618
619
62
6200
622
626
628
63
630
632
633
634
63600
638
64
640
642
644
646
648
65
650
652
654
658
66
662
664
666
668
67
670
676
68
682
684
686
688
69
690
691
694
696
698
7
70
700
702
703
704
706
708
71
7100
714
716
72
724
726
728
73
730
74
740
741
742
743
744
746
747
748
75
751
76
760
761
763
764
765
766
768
77
770
773
776
7770
78
780
79
8
80
800
81
813
82
82350
83
84
85
850
86
87
870
88
884
889020
89
9
90
900
91
92665
93
94
95
96
960
976
98
982
99
992